2025-03-11 19:47:37.791 INFO  (main) [c: s: r: x: t:] o.e.j.s.Server jetty-10.0.22; built: 2024-06-27T16:03:51.502Z; git: 5c8471e852d377fd726ad9b1692c35ffc5febb09; jvm 17.0.14+7
2025-03-11 19:47:38.140 WARN  (main) [c: s: r: x: t:] o.e.j.u.DeprecationWarning Using @Deprecated Class org.eclipse.jetty.servlet.listener.ELContextCleaner
2025-03-11 19:47:38.182 INFO  (main) [c: s: r: x: t:] o.a.s.s.CoreContainerProvider Using logger factory org.apache.logging.slf4j.Log4jLoggerFactory
2025-03-11 19:47:38.192 INFO  (main) [c: s: r: x: t:] o.a.s.s.CoreContainerProvider  ___      _       Welcome to Apache Solr™ version 9.8.0
2025-03-11 19:47:38.192 INFO  (main) [c: s: r: x: t:] o.a.s.s.CoreContainerProvider / __| ___| |_ _   Starting in standalone mode on port 8983
2025-03-11 19:47:38.192 INFO  (main) [c: s: r: x: t:] o.a.s.s.CoreContainerProvider \__ \/ _ \ | '_|  Install dir: /opt/solr-9.8.0
2025-03-11 19:47:38.192 INFO  (main) [c: s: r: x: t:] o.a.s.s.CoreContainerProvider |___/\___/_|_|    Start time: 2025-03-11T19:47:38.192943262Z
2025-03-11 19:47:38.199 INFO  (main) [c: s: r: x: t:] o.a.s.s.CoreContainerProvider Solr started with "-XX:+CrashOnOutOfMemoryError" that will crash on any OutOfMemoryError exception. The cause of the OOME will be logged in the crash file at the following path: /var/solr/logs/jvm_crash_12.log
2025-03-11 19:47:38.225 INFO  (main) [c: s: r: x: t:] o.a.s.s.CoreContainerProvider Solr Home: /var/solr/data (source: system property: solr.solr.home)
2025-03-11 19:47:38.241 INFO  (main) [c: s: r: x: t:] o.a.s.c.SolrXmlConfig solr.xml not found in SOLR_HOME, using built-in default
2025-03-11 19:47:38.242 INFO  (main) [c: s: r: x: t:] o.a.s.c.SolrXmlConfig Loading solr.xml from /opt/solr-9.8.0/server/solr/solr.xml
2025-03-11 19:47:38.284 INFO  (main) [c: s: r: x: t:] o.a.s.c.SolrResourceLoader Added 1 libs to classloader, from paths: [/opt/solr-9.8.0/lib]
2025-03-11 19:47:39.008 INFO  (main) [c: s: r: x: t:] o.a.s.u.t.SimplePropagator Always-on trace id generation enabled.
2025-03-11 19:47:39.385 WARN  (main) [c: s: r: x: t:] o.a.s.u.StartupLoggingUtils Jetty request logging enabled. Will retain logs for last 3 days. See chapter "Configuring Logging" in reference guide for how to configure.
2025-03-11 19:47:39.390 WARN  (main) [c: s: r: x: t:] o.a.s.c.CoreContainer Not all security plugins configured!  authentication=disabled authorization=disabled.  Solr is only as secure as you make it. Consider configuring authentication/authorization before exposing Solr to users internal or external.  See https://s.apache.org/solrsecurity for more info
2025-03-11 19:47:39.660 INFO  (main) [c: s: r: x: t:] o.a.s.c.CorePropertiesLocator Found 1 core definitions underneath /var/solr/data
2025-03-11 19:47:39.660 INFO  (main) [c: s: r: x: t:] o.a.s.c.CorePropertiesLocator Cores are: [blacklight_marc]
2025-03-11 19:47:39.755 INFO  (coreLoadExecutor-14-thread-1) [c: s: r: x:blacklight_marc t:] o.a.s.c.SolrConfig Using Lucene MatchVersion: 9.11.0
2025-03-11 19:47:39.836 INFO  (coreLoadExecutor-14-thread-1) [c: s: r: x:blacklight_marc t:] o.a.s.s.IndexSchema Schema name=default-config
2025-03-11 19:47:39.854 WARN  (main) [c: s: r: x: t:] o.g.j.m.i.MessagingBinders A class jakarta.activation.DataSource for a default provider MessageBodyWriter<jakarta.activation.DataSource> was not found. The provider is not available.
2025-03-11 19:47:40.186 INFO  (main) [c: s: r: x: t:] o.a.s.j.SolrRequestAuthorizer Creating a new SolrRequestAuthorizer
2025-03-11 19:47:40.317 INFO  (main) [c: s: r: x: t:] o.e.j.s.h.ContextHandler Started o.e.j.w.WebAppContext@70925b45{solr-jetty-context.xml,/solr,file:///opt/solr-9.8.0/server/solr-webapp/webapp/,AVAILABLE}{/opt/solr-9.8.0/server/solr-webapp/webapp}
2025-03-11 19:47:40.328 INFO  (main) [c: s: r: x: t:] o.e.j.s.RequestLogWriter Opened /var/solr/logs/2025_03_11.request.log
2025-03-11 19:47:40.332 INFO  (main) [c: s: r: x: t:] o.e.j.s.AbstractConnector Started ServerConnector@7a791b66{HTTP/1.1, (http/1.1, h2c)}{0.0.0.0:8983}
2025-03-11 19:47:40.332 INFO  (main) [c: s: r: x: t:] o.e.j.s.Server Started Server@6b54655f{STARTING}[10.0.22,sto=0] @4261ms
2025-03-11 19:47:42.207 INFO  (coreLoadExecutor-14-thread-1) [c: s: r: x:blacklight_marc t:] o.a.s.s.IndexSchema Loaded schema default-config/1.7 with uniqueid field id
2025-03-11 19:47:42.207 INFO  (coreLoadExecutor-14-thread-1) [c: s: r: x:blacklight_marc t:] o.a.s.c.CoreContainer Creating SolrCore 'blacklight_marc' using configuration from instancedir /var/solr/data/blacklight_marc, trusted=true
2025-03-11 19:47:42.238 INFO  (coreLoadExecutor-14-thread-1) [c: s: r: x:blacklight_marc t:] o.a.s.c.SolrCore Opening new SolrCore at [/var/solr/data/blacklight_marc], dataDir=[/var/solr/data/blacklight_marc/data/]
2025-03-11 19:47:42.881 INFO  (coreLoadExecutor-14-thread-1) [c: s: r: x:blacklight_marc t:] o.a.s.j.SolrRequestAuthorizer Creating a new SolrRequestAuthorizer
2025-03-11 19:47:42.904 INFO  (coreLoadExecutor-14-thread-1) [c: s: r: x:blacklight_marc t:] o.a.s.u.UpdateHandler Using UpdateLog implementation: org.apache.solr.update.UpdateLog
2025-03-11 19:47:42.909 INFO  (coreLoadExecutor-14-thread-1) [c: s: r: x:blacklight_marc t:] o.a.s.u.UpdateLog Initializing UpdateLog: dataDir= defaultSyncLevel=FLUSH numRecordsToKeep=100 maxNumLogsToKeep=10
2025-03-11 19:47:42.910 INFO  (coreLoadExecutor-14-thread-1) [c: s: r: x:blacklight_marc t:] o.a.s.u.CommitTracker Hard AutoCommit: if uncommitted for 15000ms; 
2025-03-11 19:47:42.911 INFO  (coreLoadExecutor-14-thread-1) [c: s: r: x:blacklight_marc t:] o.a.s.u.CommitTracker Soft AutoCommit: if uncommitted for 3000ms; 
2025-03-11 19:47:48.481 INFO  (coreLoadExecutor-14-thread-1) [c: s: r: x:blacklight_marc t:] o.a.s.r.ManagedResourceStorage File-based storage initialized to use dir: /var/solr/data/blacklight_marc/conf
2025-03-11 19:47:48.493 INFO  (coreLoadExecutor-14-thread-1) [c: s: r: x:blacklight_marc t:] o.a.s.s.DirectSolrSpellChecker init: {accuracy=0.5, maxQueryFrequency=0.01, name=default, field=_text_, classname=solr.DirectSolrSpellChecker, distanceMeasure=internal, maxEdits=2, minPrefix=1, maxInspections=5, minQueryLength=4}
2025-03-11 19:47:48.500 INFO  (coreLoadExecutor-14-thread-1) [c: s: r: x:blacklight_marc t:] o.a.s.h.ReplicationHandler Commits will be reserved for 10000 ms
2025-03-11 19:47:48.501 INFO  (searcherExecutor-16-thread-1-processing-blacklight_marc) [c: s: r: x:blacklight_marc t:] o.a.s.c.QuerySenderListener QuerySenderListener done.
2025-03-11 19:47:48.501 INFO  (searcherExecutor-16-thread-1-processing-blacklight_marc) [c: s: r: x:blacklight_marc t:] o.a.s.h.c.SpellCheckComponent Loading spell index for spellchecker: default
2025-03-11 19:47:48.506 INFO  (searcherExecutor-16-thread-1-processing-blacklight_marc) [c: s: r: x:blacklight_marc t:] o.a.s.c.SolrCore Registered new searcher autowarm time: 0 ms
2025-03-11 19:51:06.127 INFO  (qtp2067925017-57-null-1) [c: s: r: x:blacklight_marc t:null-1] o.a.s.c.S.Request webapp=/solr path=/select params={f.language_ssim_str.facet.limit=9&f.subject_ssim_str.facet.limit=9&f.subject_ssim_str.facet.sort=count&facet.field=pub_date_si&facet.field=language_ssim_str&facet.field=collection_tsim_str&facet.field=subject_ssim_str&facet.field=author_ssm_str&facet.field=format_str&facet.field=is_issue_str&facet.field=is_serial_str&f.collection_tsim_str.facet.limit=9&f.is_issue_str.facet.sort=count&sort=score+desc,+pub_date_si+desc&f.format_str.facet.limit=9&rows=10&facet.query=pub_date_si:[1300+TO+1349]&facet.query=pub_date_si:[1350+TO+1399]&facet.query=pub_date_si:[1400+TO+1449]&facet.query=pub_date_si:[1450+TO+1499]&facet.query=pub_date_si:[1500+TO+1549]&facet.query=pub_date_si:[1550+TO+1599]&facet.query=pub_date_si:[1600+TO+1649]&facet.query=pub_date_si:[1650+TO+1699]&facet.query=pub_date_si:[1700+TO+1749]&facet.query=pub_date_si:[1750+TO+1799]&facet.query=pub_date_si:[1800+TO+1849]&facet.query=pub_date_si:[1850+TO+1899]&facet.query=pub_date_si:[1900+TO+1949]&facet.query=pub_date_si:[1950+TO+1999]&facet.query=pub_date_si:[2000+TO+2027]&f.author_ssm_str.facet.limit=9&f.collection_tsim_str.facet.sort=count&f.is_issue_str.facet.limit=9&f.format_str.facet.sort=count&f.language_ssim_str.facet.sort=index&stats=true&f.is_serial_str.facet.limit=9&f.author_ssm_str.facet.sort=count&f.is_serial_str.facet.sort=count&facet=true&wt=json&stats.field=pub_date_si} hits=212027 status=0 QTime=1383
2025-03-11 19:51:38.365 INFO  (qtp2067925017-28-null-2) [c: s: r: x:blacklight_marc t:null-2] o.a.s.c.S.Request webapp=/solr path=/select params={f.language_ssim_str.facet.limit=9&f.subject_ssim_str.facet.limit=21&f.subject_ssim_str.facet.sort=count&facet.field=subject_ssim_str&f.subject_ssim_str.facet.offset=0&f.collection_tsim_str.facet.limit=9&f.is_issue_str.facet.sort=count&sort=score+desc,+pub_date_si+desc&f.format_str.facet.limit=9&rows=0&facet.query=pub_date_si:[1300+TO+1349]&facet.query=pub_date_si:[1350+TO+1399]&facet.query=pub_date_si:[1400+TO+1449]&facet.query=pub_date_si:[1450+TO+1499]&facet.query=pub_date_si:[1500+TO+1549]&facet.query=pub_date_si:[1550+TO+1599]&facet.query=pub_date_si:[1600+TO+1649]&facet.query=pub_date_si:[1650+TO+1699]&facet.query=pub_date_si:[1700+TO+1749]&facet.query=pub_date_si:[1750+TO+1799]&facet.query=pub_date_si:[1800+TO+1849]&facet.query=pub_date_si:[1850+TO+1899]&facet.query=pub_date_si:[1900+TO+1949]&facet.query=pub_date_si:[1950+TO+1999]&facet.query=pub_date_si:[2000+TO+2027]&f.author_ssm_str.facet.limit=9&f.collection_tsim_str.facet.sort=count&f.is_issue_str.facet.limit=9&f.format_str.facet.sort=count&f.language_ssim_str.facet.sort=index&stats=true&f.is_serial_str.facet.limit=9&f.author_ssm_str.facet.sort=count&f.is_serial_str.facet.sort=count&facet=true&wt=json&stats.field=pub_date_si} hits=212027 status=0 QTime=35
2025-03-11 19:52:32.507 INFO  (qtp2067925017-29-null-3) [c: s: r: x:blacklight_marc t:null-3] o.a.s.c.S.Request webapp=/solr path=/select params={f.language_ssim_str.facet.limit=9&f.subject_ssim_str.facet.limit=21&f.subject_ssim_str.facet.sort=index&facet.field=subject_ssim_str&f.subject_ssim_str.facet.offset=0&f.collection_tsim_str.facet.limit=9&f.is_issue_str.facet.sort=count&sort=score+desc,+pub_date_si+desc&f.format_str.facet.limit=9&rows=0&facet.query=pub_date_si:[1300+TO+1349]&facet.query=pub_date_si:[1350+TO+1399]&facet.query=pub_date_si:[1400+TO+1449]&facet.query=pub_date_si:[1450+TO+1499]&facet.query=pub_date_si:[1500+TO+1549]&facet.query=pub_date_si:[1550+TO+1599]&facet.query=pub_date_si:[1600+TO+1649]&facet.query=pub_date_si:[1650+TO+1699]&facet.query=pub_date_si:[1700+TO+1749]&facet.query=pub_date_si:[1750+TO+1799]&facet.query=pub_date_si:[1800+TO+1849]&facet.query=pub_date_si:[1850+TO+1899]&facet.query=pub_date_si:[1900+TO+1949]&facet.query=pub_date_si:[1950+TO+1999]&facet.query=pub_date_si:[2000+TO+2027]&f.author_ssm_str.facet.limit=9&f.collection_tsim_str.facet.sort=count&f.is_issue_str.facet.limit=9&f.format_str.facet.sort=count&f.language_ssim_str.facet.sort=index&stats=true&f.is_serial_str.facet.limit=9&f.author_ssm_str.facet.sort=count&f.is_serial_str.facet.sort=count&facet=true&wt=json&stats.field=pub_date_si} hits=212027 status=0 QTime=24
2025-03-11 19:52:38.091 INFO  (qtp2067925017-30-null-4) [c: s: r: x:blacklight_marc t:null-4] o.a.s.c.S.Request webapp=/solr path=/select params={f.language_ssim_str.facet.limit=9&f.subject_ssim_str.facet.limit=21&f.subject_ssim_str.facet.sort=index&facet.field=subject_ssim_str&f.subject_ssim_str.facet.offset=0&f.collection_tsim_str.facet.limit=9&f.is_issue_str.facet.sort=count&sort=score+desc,+pub_date_si+desc&f.format_str.facet.limit=9&rows=0&facet.query=pub_date_si:[1300+TO+1349]&facet.query=pub_date_si:[1350+TO+1399]&facet.query=pub_date_si:[1400+TO+1449]&facet.query=pub_date_si:[1450+TO+1499]&facet.query=pub_date_si:[1500+TO+1549]&facet.query=pub_date_si:[1550+TO+1599]&facet.query=pub_date_si:[1600+TO+1649]&facet.query=pub_date_si:[1650+TO+1699]&facet.query=pub_date_si:[1700+TO+1749]&facet.query=pub_date_si:[1750+TO+1799]&facet.query=pub_date_si:[1800+TO+1849]&facet.query=pub_date_si:[1850+TO+1899]&facet.query=pub_date_si:[1900+TO+1949]&facet.query=pub_date_si:[1950+TO+1999]&facet.query=pub_date_si:[2000+TO+2027]&f.author_ssm_str.facet.limit=9&f.collection_tsim_str.facet.sort=count&f.is_issue_str.facet.limit=9&f.format_str.facet.sort=count&f.language_ssim_str.facet.sort=index&stats=true&f.is_serial_str.facet.limit=9&f.author_ssm_str.facet.sort=count&f.is_serial_str.facet.sort=count&f.subject_ssim_str.facet.prefix=B&facet=true&wt=json&stats.field=pub_date_si} hits=212027 status=0 QTime=22
